0 info it worked if it ends with ok
1 verbose cli [ 'node', '/usr/local/bin/npm', 'publish' ]
2 info using npm@1.4.10
3 info using node@v0.10.28
4 verbose node symlink /usr/local/bin/node
5 verbose publish [ '.' ]
6 verbose cache add [ '.', null ]
7 verbose cache add name=undefined spec="." args=[".",null]
8 verbose parsed url { protocol: null,
8 verbose parsed url   slashes: null,
8 verbose parsed url   auth: null,
8 verbose parsed url   host: null,
8 verbose parsed url   port: null,
8 verbose parsed url   hostname: null,
8 verbose parsed url   hash: null,
8 verbose parsed url   search: null,
8 verbose parsed url   query: null,
8 verbose parsed url   pathname: '.',
8 verbose parsed url   path: '.',
8 verbose parsed url   href: '.' }
9 silly lockFile 3a52ce78- .
10 verbose lock . /Users/zakangelle/.npm/3a52ce78-.lock
11 verbose tar pack [ '/var/folders/5y/mvyfh5sx7cv5hk8vwpfgv15h0000gn/T/npm-10067-4RPRpj1Q/1401945183601-0.6629012152552605/tmp.tgz',
11 verbose tar pack   '.' ]
12 verbose tarball /var/folders/5y/mvyfh5sx7cv5hk8vwpfgv15h0000gn/T/npm-10067-4RPRpj1Q/1401945183601-0.6629012152552605/tmp.tgz
13 verbose folder .
14 info prepublish toasty!@0.0.0
15 silly lockFile 1f1177db-tar tar://.
16 verbose lock tar://. /Users/zakangelle/.npm/1f1177db-tar.lock
17 silly lockFile c8daf1da-83601-0-6629012152552605-tmp-tgz tar:///var/folders/5y/mvyfh5sx7cv5hk8vwpfgv15h0000gn/T/npm-10067-4RPRpj1Q/1401945183601-0.6629012152552605/tmp.tgz
18 verbose lock tar:///var/folders/5y/mvyfh5sx7cv5hk8vwpfgv15h0000gn/T/npm-10067-4RPRpj1Q/1401945183601-0.6629012152552605/tmp.tgz /Users/zakangelle/.npm/c8daf1da-83601-0-6629012152552605-tmp-tgz.lock
19 silly lockFile 1f1177db-tar tar://.
20 silly lockFile 1f1177db-tar tar://.
21 silly lockFile c8daf1da-83601-0-6629012152552605-tmp-tgz tar:///var/folders/5y/mvyfh5sx7cv5hk8vwpfgv15h0000gn/T/npm-10067-4RPRpj1Q/1401945183601-0.6629012152552605/tmp.tgz
22 silly lockFile c8daf1da-83601-0-6629012152552605-tmp-tgz tar:///var/folders/5y/mvyfh5sx7cv5hk8vwpfgv15h0000gn/T/npm-10067-4RPRpj1Q/1401945183601-0.6629012152552605/tmp.tgz
23 verbose tar unpack /var/folders/5y/mvyfh5sx7cv5hk8vwpfgv15h0000gn/T/npm-10067-4RPRpj1Q/1401945183601-0.6629012152552605/tmp.tgz
24 silly lockFile a30c34d2-angelle-npm-toasty-0-0-0-package tar:///Users/zakangelle/.npm/toasty!/0.0.0/package
25 verbose lock tar:///Users/zakangelle/.npm/toasty!/0.0.0/package /Users/zakangelle/.npm/a30c34d2-angelle-npm-toasty-0-0-0-package.lock
26 silly lockFile c8daf1da-83601-0-6629012152552605-tmp-tgz tar:///var/folders/5y/mvyfh5sx7cv5hk8vwpfgv15h0000gn/T/npm-10067-4RPRpj1Q/1401945183601-0.6629012152552605/tmp.tgz
27 verbose lock tar:///var/folders/5y/mvyfh5sx7cv5hk8vwpfgv15h0000gn/T/npm-10067-4RPRpj1Q/1401945183601-0.6629012152552605/tmp.tgz /Users/zakangelle/.npm/c8daf1da-83601-0-6629012152552605-tmp-tgz.lock
28 silly gunzTarPerm modes [ '755', '644' ]
29 silly gunzTarPerm extractEntry package.json
30 silly gunzTarPerm extractEntry .npmignore
31 silly gunzTarPerm extractEntry README.md
32 silly gunzTarPerm extractEntry index.js
33 silly gunzTarPerm extractEntry audio/toasty.mp3
34 silly gunzTarPerm extractEntry audio/toasty.ogg
35 silly gunzTarPerm extractEntry partials/audio.html
36 silly gunzTarPerm extractEntry partials/toasty.img
37 silly lockFile a30c34d2-angelle-npm-toasty-0-0-0-package tar:///Users/zakangelle/.npm/toasty!/0.0.0/package
38 silly lockFile a30c34d2-angelle-npm-toasty-0-0-0-package tar:///Users/zakangelle/.npm/toasty!/0.0.0/package
39 silly lockFile c8daf1da-83601-0-6629012152552605-tmp-tgz tar:///var/folders/5y/mvyfh5sx7cv5hk8vwpfgv15h0000gn/T/npm-10067-4RPRpj1Q/1401945183601-0.6629012152552605/tmp.tgz
40 silly lockFile c8daf1da-83601-0-6629012152552605-tmp-tgz tar:///var/folders/5y/mvyfh5sx7cv5hk8vwpfgv15h0000gn/T/npm-10067-4RPRpj1Q/1401945183601-0.6629012152552605/tmp.tgz
41 silly lockFile 3a52ce78- .
42 silly lockFile 3a52ce78- .
43 silly publish { name: 'toasty!',
43 silly publish   version: '0.0.0',
43 silly publish   description: 'Add the Mortal Kombat toasty guy to your site or app',
43 silly publish   main: 'index.js',
43 silly publish   dependencies: { 'css-transition': '0.0.2' },
43 silly publish   devDependencies: { brfs: '^1.1.1', browserify: '^4.1.8' },
43 silly publish   keywords: [ 'toasty', 'mortal kombat', 'easter egg', 'secret' ],
43 silly publish   scripts: { build: 'browserify -t brfs index.js > dist/toasty.js' },
43 silly publish   repository:
43 silly publish    { type: 'git',
43 silly publish      url: 'https://github.com/zakangelle/toastyjs.git' },
43 silly publish   author: '',
43 silly publish   license: 'MIT',
43 silly publish   bugs: { url: 'https://github.com/zakangelle/toastyjs/issues' },
43 silly publish   homepage: 'https://github.com/zakangelle/toastyjs',
43 silly publish   readme: '# Toasty.js\nA JS script that shows the Mortal Kombat toasty guy.\n\n## Usage\n```html\n<button class="toasty">Click me!</button>\n```\n\n```js\nvar Toasty = require(\'toasty!\');\n\nvar toasty = new Toasty(\'.toasty\');\ntoasty.add();\n```\n\n## Demo\n[Toasty!](http://nhx.io/demos/toasty)\n',
43 silly publish   readmeFilename: 'README.md',
43 silly publish   _id: 'toasty!@0.0.0',
43 silly publish   _shasum: 'f31061432cf24629de06c90ce5825df257658191',
43 silly publish   _from: '.' }
44 verbose url raw toasty!
45 verbose url resolving [ 'https://registry.npmjs.org/', './toasty!' ]
46 verbose url resolved https://registry.npmjs.org/toasty!
47 info trying registry request attempt 1 at 00:13:03
48 http PUT https://registry.npmjs.org/toasty!
49 http 403 https://registry.npmjs.org/toasty!
50 verbose headers { date: 'Thu, 05 Jun 2014 05:12:59 GMT',
50 verbose headers   server: 'CouchDB/1.5.0 (Erlang OTP/R14B04)',
50 verbose headers   'content-type': 'application/json',
50 verbose headers   'cache-control': 'max-age=1',
50 verbose headers   'content-length': '59',
50 verbose headers   'accept-ranges': 'bytes',
50 verbose headers   via: '1.1 varnish',
50 verbose headers   'x-served-by': 'cache-d64-DAL',
50 verbose headers   'x-cache': 'MISS',
50 verbose headers   'x-cache-hits': '0',
50 verbose headers   'x-timer': 'S1401945179.215030,VS0,VE250',
50 verbose headers   'keep-alive': 'timeout=10, max=50',
50 verbose headers   connection: 'Keep-Alive' }
51 error publish Failed PUT 403
52 error Error: forbidden Invalid name: "toasty!": toasty!
52 error     at RegClient.<anonymous> (/usr/local/lib/node_modules/npm/node_modules/npm-registry-client/lib/request.js:273:14)
52 error     at Request._callback (/usr/local/lib/node_modules/npm/node_modules/npm-registry-client/lib/request.js:211:65)
52 error     at Request.self.callback (/usr/local/lib/node_modules/npm/node_modules/request/request.js:123:22)
52 error     at Request.EventEmitter.emit (events.js:98:17)
52 error     at Request.<anonymous> (/usr/local/lib/node_modules/npm/node_modules/request/request.js:893:14)
52 error     at Request.EventEmitter.emit (events.js:117:20)
52 error     at IncomingMessage.<anonymous> (/usr/local/lib/node_modules/npm/node_modules/request/request.js:844:12)
52 error     at IncomingMessage.EventEmitter.emit (events.js:117:20)
52 error     at _stream_readable.js:919:16
52 error     at process._tickCallback (node.js:419:13)
53 error If you need help, you may report this *entire* log,
53 error including the npm and node versions, at:
53 error     <http://github.com/npm/npm/issues>
54 error System Darwin 13.2.0
55 error command "node" "/usr/local/bin/npm" "publish"
56 error cwd /Users/zakangelle/Sites/toasty
57 error node -v v0.10.28
58 error npm -v 1.4.10
59 verbose exit [ 1, true ]
